TN:
SF:controllers\adminController.js
FN:10,(anonymous_0)
FN:59,(anonymous_1)
FN:101,(anonymous_2)
FN:159,(anonymous_3)
FN:246,(anonymous_4)
FN:274,(anonymous_5)
FN:307,(anonymous_6)
FNF:7
FNH:3
FNDA:0,(anonymous_0)
FNDA:0,(anonymous_1)
FNDA:0,(anonymous_2)
FNDA:1,(anonymous_3)
FNDA:1,(anonymous_4)
FNDA:0,(anonymous_5)
FNDA:1,(anonymous_6)
DA:1,5
DA:2,5
DA:3,5
DA:4,5
DA:5,5
DA:10,5
DA:11,0
DA:12,0
DA:13,0
DA:14,0
DA:15,0
DA:17,0
DA:18,0
DA:20,0
DA:23,0
DA:31,0
DA:33,0
DA:34,0
DA:35,0
DA:37,0
DA:52,0
DA:59,5
DA:60,0
DA:61,0
DA:62,0
DA:63,0
DA:65,0
DA:73,0
DA:75,0
DA:76,0
DA:77,0
DA:79,0
DA:94,0
DA:101,5
DA:102,0
DA:103,0
DA:104,0
DA:106,0
DA:108,0
DA:109,0
DA:113,0
DA:114,0
DA:118,0
DA:119,0
DA:122,0
DA:123,0
DA:126,0
DA:138,0
DA:152,0
DA:159,5
DA:160,1
DA:168,1
DA:178,1
DA:179,1
DA:185,1
DA:192,1
DA:211,1
DA:217,1
DA:239,0
DA:246,5
DA:247,1
DA:248,1
DA:250,1
DA:252,1
DA:253,0
DA:257,1
DA:260,1
DA:262,1
DA:267,0
DA:274,5
DA:275,0
DA:276,0
DA:278,0
DA:280,0
DA:281,0
DA:285,0
DA:286,0
DA:287,0
DA:288,0
DA:289,0
DA:293,0
DA:295,0
DA:300,0
DA:307,5
DA:308,1
DA:309,1
DA:310,1
DA:311,1
DA:312,1
DA:314,1
DA:316,1
DA:317,0
DA:323,1
DA:324,0
DA:325,1
DA:326,0
DA:329,1
DA:336,1
DA:338,1
DA:339,1
DA:340,1
DA:342,1
DA:357,0
DA:361,5
LF:104
LH:43
BRDA:12,0,0,0
BRDA:12,0,1,0
BRDA:13,1,0,0
BRDA:13,1,1,0
BRDA:15,2,0,0
BRDA:18,3,0,0
BRDA:18,3,1,0
BRDA:61,4,0,0
BRDA:61,4,1,0
BRDA:62,5,0,0
BRDA:62,5,1,0
BRDA:108,6,0,0
BRDA:108,6,1,0
BRDA:113,7,0,0
BRDA:113,7,1,0
BRDA:118,8,0,0
BRDA:118,8,1,0
BRDA:118,9,0,0
BRDA:118,9,1,0
BRDA:129,10,0,0
BRDA:129,10,1,0
BRDA:130,11,0,0
BRDA:130,11,1,0
BRDA:131,12,0,0
BRDA:131,12,1,0
BRDA:140,13,0,0
BRDA:140,13,1,0
BRDA:252,14,0,0
BRDA:252,14,1,1
BRDA:280,15,0,0
BRDA:280,15,1,0
BRDA:285,16,0,0
BRDA:285,16,1,0
BRDA:287,17,0,0
BRDA:287,17,1,0
BRDA:309,18,0,1
BRDA:309,18,1,1
BRDA:310,19,0,1
BRDA:310,19,1,1
BRDA:316,20,0,0
BRDA:316,20,1,1
BRDA:323,21,0,0
BRDA:323,21,1,1
BRDA:325,22,0,0
BRDA:325,22,1,1
BRF:45
BRH:8
end_of_record
TN:
SF:controllers\answerController.js
FN:10,(anonymous_0)
FN:76,(anonymous_1)
FN:114,(anonymous_2)
FN:152,(anonymous_3)
FN:234,(anonymous_4)
FN:269,(anonymous_5)
FNF:6
FNH:6
FNDA:1,(anonymous_0)
FNDA:1,(anonymous_1)
FNDA:1,(anonymous_2)
FNDA:1,(anonymous_3)
FNDA:2,(anonymous_4)
FNDA:3,(anonymous_5)
DA:1,5
DA:2,5
DA:3,5
DA:4,5
DA:5,5
DA:10,5
DA:11,1
DA:12,1
DA:13,1
DA:16,1
DA:17,1
DA:18,0
DA:22,1
DA:23,0
DA:27,1
DA:32,1
DA:33,0
DA:36,1
DA:42,1
DA:45,1
DA:48,1
DA:49,1
DA:61,1
DA:69,0
DA:76,5
DA:77,1
DA:78,1
DA:79,1
DA:81,1
DA:83,1
DA:84,0
DA:88,1
DA:89,0
DA:93,1
DA:94,1
DA:97,1
DA:99,1
DA:107,0
DA:114,5
DA:115,1
DA:116,1
DA:118,1
DA:120,1
DA:121,0
DA:125,1
DA:126,0
DA:130,1
DA:131,0
DA:132,0
DA:133,0
DA:134,0
DA:138,1
DA:140,1
DA:145,0
DA:152,5
DA:153,1
DA:154,1
DA:156,1
DA:158,1
DA:159,0
DA:162,1
DA:164,1
DA:165,0
DA:169,1
DA:170,0
DA:174,1
DA:175,0
DA:176,0
DA:179,0
DA:191,1
DA:192,0
DA:193,0
DA:194,0
DA:195,0
DA:200,1
DA:201,1
DA:204,1
DA:216,1
DA:217,1
DA:219,1
DA:227,0
DA:234,5
DA:235,2
DA:236,2
DA:237,2
DA:239,2
DA:241,2
DA:242,0
DA:246,2
DA:247,1
DA:251,1
DA:252,1
DA:254,1
DA:262,1
DA:269,5
DA:270,3
DA:271,3
DA:273,3
DA:278,2
DA:279,1
DA:282,1
DA:289,3
DA:293,5
LF:103
LH:77
BRDA:17,0,0,0
BRDA:17,0,1,1
BRDA:22,1,0,0
BRDA:22,1,1,1
BRDA:32,2,0,0
BRDA:32,2,1,1
BRDA:48,3,0,1
BRDA:48,3,1,0
BRDA:83,4,0,0
BRDA:83,4,1,1
BRDA:88,5,0,0
BRDA:88,5,1,1
BRDA:88,6,0,1
BRDA:88,6,1,0
BRDA:120,7,0,0
BRDA:120,7,1,1
BRDA:125,8,0,0
BRDA:125,8,1,1
BRDA:125,9,0,1
BRDA:125,9,1,0
BRDA:130,10,0,0
BRDA:130,10,1,1
BRDA:132,11,0,0
BRDA:132,11,1,0
BRDA:158,12,0,0
BRDA:158,12,1,1
BRDA:164,13,0,0
BRDA:164,13,1,1
BRDA:169,14,0,0
BRDA:169,14,1,1
BRDA:169,15,0,1
BRDA:169,15,1,0
BRDA:174,16,0,0
BRDA:174,16,1,1
BRDA:191,17,0,0
BRDA:191,17,1,1
BRDA:193,18,0,0
BRDA:193,18,1,0
BRDA:221,19,0,1
BRDA:221,19,1,0
BRDA:241,20,0,0
BRDA:241,20,1,2
BRDA:246,21,0,1
BRDA:246,21,1,1
BRDA:278,22,0,1
BRDA:278,22,1,1
BRF:46
BRH:23
end_of_record
TN:
SF:controllers\authController.js
FN:6,(anonymous_0)
FN:15,(anonymous_1)
FN:64,(anonymous_2)
FN:110,(anonymous_3)
FN:131,(anonymous_4)
FN:174,(anonymous_5)
FNF:6
FNH:3
FNDA:4,(anonymous_0)
FNDA:5,(anonymous_1)
FNDA:1,(anonymous_2)
FNDA:0,(anonymous_3)
FNDA:0,(anonymous_4)
FNDA:0,(anonymous_5)
DA:1,5
DA:2,5
DA:3,5
DA:6,5
DA:7,4
DA:15,5
DA:16,5
DA:17,5
DA:20,5
DA:24,5
DA:25,2
DA:29,3
DA:36,3
DA:39,3
DA:42,3
DA:45,3
DA:46,3
DA:48,3
DA:57,2
DA:64,5
DA:65,1
DA:66,1
DA:69,1
DA:71,1
DA:72,0
DA:76,1
DA:77,0
DA:81,1
DA:83,1
DA:84,0
DA:88,1
DA:91,1
DA:92,1
DA:94,1
DA:103,0
DA:110,5
DA:111,0
DA:112,0
DA:117,0
DA:124,0
DA:131,5
DA:132,0
DA:133,0
DA:134,0
DA:136,0
DA:138,0
DA:139,0
DA:140,0
DA:142,0
DA:145,0
DA:146,0
DA:149,0
DA:150,0
DA:153,0
DA:159,0
DA:167,0
DA:174,5
DA:175,0
DA:176,0
DA:178,0
DA:181,0
DA:182,0
DA:183,0
DA:187,0
DA:188,0
DA:190,0
DA:195,0
DA:199,5
LF:68
LH:35
BRDA:8,0,0,4
BRDA:8,0,1,0
BRDA:24,1,0,2
BRDA:24,1,1,3
BRDA:71,2,0,0
BRDA:71,2,1,1
BRDA:76,3,0,0
BRDA:76,3,1,1
BRDA:83,4,0,0
BRDA:83,4,1,1
BRDA:136,5,0,0
BRDA:136,5,1,0
BRDA:139,6,0,0
BRDA:139,6,1,0
BRDA:145,7,0,0
BRDA:145,7,1,0
BRDA:149,8,0,0
BRDA:149,8,1,0
BRDA:182,9,0,0
BRDA:182,9,1,0
BRF:20
BRH:6
end_of_record
TN:
SF:controllers\notificationController.js
FN:7,(anonymous_0)
FN:64,(anonymous_1)
FN:97,(anonymous_2)
FN:119,(anonymous_3)
FN:148,(anonymous_4)
FN:167,(anonymous_5)
FNF:6
FNH:0
FNDA:0,(anonymous_0)
FNDA:0,(anonymous_1)
FNDA:0,(anonymous_2)
FNDA:0,(anonymous_3)
FNDA:0,(anonymous_4)
FNDA:0,(anonymous_5)
DA:1,5
DA:2,5
DA:7,5
DA:8,0
DA:9,0
DA:10,0
DA:11,0
DA:12,0
DA:15,0
DA:16,0
DA:17,0
DA:20,0
DA:30,0
DA:31,0
DA:37,0
DA:38,0
DA:39,0
DA:41,0
DA:57,0
DA:64,5
DA:65,0
DA:66,0
DA:68,0
DA:70,0
DA:71,0
DA:75,0
DA:76,0
DA:79,0
DA:80,0
DA:82,0
DA:90,0
DA:97,5
DA:98,0
DA:99,0
DA:104,0
DA:112,0
DA:119,5
DA:120,0
DA:121,0
DA:123,0
DA:125,0
DA:126,0
DA:130,0
DA:131,0
DA:134,0
DA:136,0
DA:141,0
DA:148,5
DA:149,0
DA:150,0
DA:152,0
DA:160,0
DA:167,5
DA:168,0
DA:169,0
DA:189,0
DA:190,0
DA:192,0
DA:201,0
DA:205,5
LF:60
LH:9
BRDA:9,0,0,0
BRDA:9,0,1,0
BRDA:10,1,0,0
BRDA:10,1,1,0
BRDA:12,2,0,0
BRDA:16,3,0,0
BRDA:16,3,1,0
BRDA:70,4,0,0
BRDA:70,4,1,0
BRDA:75,5,0,0
BRDA:75,5,1,0
BRDA:125,6,0,0
BRDA:125,6,1,0
BRDA:130,7,0,0
BRDA:130,7,1,0
BRF:15
BRH:0
end_of_record
TN:
SF:controllers\questionController.js
FN:9,(anonymous_0)
FN:92,(anonymous_1)
FN:133,(anonymous_2)
FN:138,(anonymous_3)
FN:167,(anonymous_4)
FN:187,(anonymous_5)
FN:210,(anonymous_6)
FN:243,(anonymous_7)
FN:278,(anonymous_8)
FNF:9
FNH:9
FNDA:7,(anonymous_0)
FNDA:5,(anonymous_1)
FNDA:10,(anonymous_2)
FNDA:27,(anonymous_3)
FNDA:1,(anonymous_4)
FNDA:2,(anonymous_5)
FNDA:1,(anonymous_6)
FNDA:2,(anonymous_7)
FNDA:1,(anonymous_8)
DA:1,5
DA:2,5
DA:3,5
DA:4,5
DA:9,5
DA:10,7
DA:11,7
DA:12,7
DA:13,7
DA:15,7
DA:18,7
DA:21,7
DA:22,2
DA:26,7
DA:27,2
DA:31,7
DA:32,7
DA:34,7
DA:35,7
DA:37,0
DA:38,0
DA:40,0
DA:41,0
DA:43,0
DA:44,0
DA:46,0
DA:47,0
DA:48,0
DA:50,0
DA:54,7
DA:63,7
DA:66,7
DA:67,7
DA:68,7
DA:70,7
DA:85,0
DA:92,5
DA:93,5
DA:94,5
DA:96,5
DA:101,4
DA:102,2
DA:106,2
DA:107,2
DA:108,2
DA:112,2
DA:118,2
DA:126,4
DA:133,5
DA:134,10
DA:135,10
DA:138,27
DA:140,10
DA:147,10
DA:150,10
DA:152,10
DA:160,0
DA:167,5
DA:168,1
DA:169,1
DA:170,1
DA:172,1
DA:174,1
DA:175,0
DA:179,1
DA:180,0
DA:184,1
DA:185,1
DA:186,1
DA:187,2
DA:190,1
DA:193,1
DA:195,1
DA:203,0
DA:210,5
DA:211,1
DA:212,1
DA:214,1
DA:216,1
DA:217,0
DA:221,1
DA:222,0
DA:226,1
DA:229,1
DA:231,1
DA:236,0
DA:243,5
DA:244,2
DA:245,2
DA:246,2
DA:248,2
DA:250,2
DA:251,0
DA:255,2
DA:256,1
DA:260,1
DA:261,1
DA:263,1
DA:271,1
DA:278,5
DA:279,1
DA:280,1
DA:282,1
DA:284,1
DA:285,0
DA:289,1
DA:290,0
DA:293,1
DA:294,1
DA:296,1
DA:304,0
DA:308,5
LF:112
LH:90
BRDA:11,0,0,7
BRDA:11,0,1,6
BRDA:12,1,0,7
BRDA:12,1,1,6
BRDA:15,2,0,6
BRDA:21,3,0,2
BRDA:21,3,1,5
BRDA:26,4,0,2
BRDA:26,4,1,5
BRDA:32,5,0,7
BRDA:32,5,1,0
BRDA:32,5,2,0
BRDA:32,5,3,0
BRDA:32,5,4,0
BRDA:32,5,5,0
BRDA:101,6,0,2
BRDA:101,6,1,2
BRDA:106,7,0,2
BRDA:106,7,1,0
BRDA:106,8,0,2
BRDA:106,8,1,0
BRDA:174,9,0,0
BRDA:174,9,1,1
BRDA:179,10,0,0
BRDA:179,10,1,1
BRDA:179,11,0,1
BRDA:179,11,1,0
BRDA:184,12,0,1
BRDA:184,12,1,0
BRDA:185,13,0,1
BRDA:185,13,1,0
BRDA:186,14,0,1
BRDA:186,14,1,0
BRDA:216,15,0,0
BRDA:216,15,1,1
BRDA:221,16,0,0
BRDA:221,16,1,1
BRDA:221,17,0,1
BRDA:221,17,1,0
BRDA:250,18,0,0
BRDA:250,18,1,2
BRDA:255,19,0,1
BRDA:255,19,1,1
BRDA:284,20,0,0
BRDA:284,20,1,1
BRDA:289,21,0,0
BRDA:289,21,1,1
BRDA:289,22,0,1
BRDA:289,22,1,0
BRDA:298,23,0,1
BRDA:298,23,1,0
BRF:51
BRH:30
end_of_record
TN:
SF:controllers\tagController.js
FN:7,(anonymous_0)
FN:34,(anonymous_1)
FN:37,(anonymous_2)
FN:41,(anonymous_3)
FN:44,(anonymous_4)
FN:65,(anonymous_5)
FN:132,(anonymous_6)
FN:168,(anonymous_7)
FNF:8
FNH:1
FNDA:0,(anonymous_0)
FNDA:0,(anonymous_1)
FNDA:0,(anonymous_2)
FNDA:0,(anonymous_3)
FNDA:0,(anonymous_4)
FNDA:0,(anonymous_5)
FNDA:2,(anonymous_6)
FNDA:0,(anonymous_7)
DA:1,5
DA:2,5
DA:7,5
DA:8,0
DA:9,0
DA:12,0
DA:31,0
DA:32,0
DA:34,0
DA:35,0
DA:37,0
DA:38,0
DA:41,0
DA:42,0
DA:44,0
DA:48,0
DA:50,0
DA:58,0
DA:65,5
DA:66,0
DA:67,0
DA:68,0
DA:69,0
DA:70,0
DA:71,0
DA:74,0
DA:75,0
DA:77,0
DA:78,0
DA:80,0
DA:81,0
DA:83,0
DA:84,0
DA:86,0
DA:87,0
DA:89,0
DA:93,0
DA:102,0
DA:105,0
DA:106,0
DA:107,0
DA:109,0
DA:125,0
DA:132,5
DA:133,2
DA:134,2
DA:136,2
DA:154,2
DA:161,0
DA:168,5
DA:169,0
DA:170,0
DA:171,0
DA:173,0
DA:196,0
DA:204,0
DA:208,5
LF:57
LH:11
BRDA:9,0,0,0
BRDA:9,1,0,0
BRDA:32,2,0,0
BRDA:32,2,1,0
BRDA:32,2,2,0
BRDA:32,2,3,0
BRDA:68,3,0,0
BRDA:68,3,1,0
BRDA:69,4,0,0
BRDA:69,4,1,0
BRDA:71,5,0,0
BRDA:75,6,0,0
BRDA:75,6,1,0
BRDA:75,6,2,0
BRDA:75,6,3,0
BRDA:75,6,4,0
BRDA:134,7,0,2
BRDA:171,8,0,0
BRF:18
BRH:1
end_of_record
TN:
SF:controllers\userController.js
FN:9,(anonymous_0)
FN:110,(anonymous_1)
FN:151,(anonymous_2)
FN:192,(anonymous_3)
FN:245,(anonymous_4)
FNF:5
FNH:3
FNDA:2,(anonymous_0)
FNDA:1,(anonymous_1)
FNDA:0,(anonymous_2)
FNDA:0,(anonymous_3)
FNDA:1,(anonymous_4)
DA:1,5
DA:2,5
DA:3,5
DA:4,5
DA:9,5
DA:10,2
DA:11,2
DA:12,2
DA:13,2
DA:14,2
DA:16,2
DA:20,2
DA:21,1
DA:25,1
DA:33,1
DA:41,1
DA:42,1
DA:45,1
DA:56,1
DA:67,1
DA:69,1
DA:103,1
DA:110,5
DA:111,1
DA:112,1
DA:113,1
DA:114,1
DA:116,1
DA:123,1
DA:125,1
DA:126,1
DA:127,1
DA:129,1
DA:144,0
DA:151,5
DA:152,0
DA:153,0
DA:154,0
DA:155,0
DA:157,0
DA:164,0
DA:166,0
DA:167,0
DA:168,0
DA:170,0
DA:185,0
DA:192,5
DA:193,0
DA:194,0
DA:195,0
DA:196,0
DA:197,0
DA:199,0
DA:211,0
DA:218,0
DA:219,0
DA:220,0
DA:222,0
DA:238,0
DA:245,5
DA:246,1
DA:247,1
DA:249,1
DA:255,1
DA:262,0
DA:266,5
LF:66
LH:41
BRDA:12,0,0,2
BRDA:12,0,1,2
BRDA:13,1,0,2
BRDA:13,1,1,2
BRDA:20,2,0,1
BRDA:20,2,1,1
BRDA:67,3,0,1
BRDA:67,3,1,1
BRDA:67,4,0,1
BRDA:67,4,1,1
BRDA:112,5,0,1
BRDA:112,5,1,1
BRDA:113,6,0,1
BRDA:113,6,1,1
BRDA:153,7,0,0
BRDA:153,7,1,0
BRDA:154,8,0,0
BRDA:154,8,1,0
BRDA:195,9,0,0
BRDA:195,9,1,0
BRDA:196,10,0,0
BRDA:196,10,1,0
BRDA:247,11,0,1
BRF:23
BRH:15
end_of_record
TN:
SF:middlewares\auth.js
FN:4,(anonymous_0)
FN:56,(anonymous_1)
FN:76,(anonymous_2)
FN:78,(anonymous_3)
FNF:4
FNH:4
FNDA:29,(anonymous_0)
FNDA:12,(anonymous_1)
FNDA:3,(anonymous_2)
FNDA:3,(anonymous_3)
DA:1,5
DA:2,5
DA:4,5
DA:5,29
DA:6,29
DA:8,29
DA:9,1
DA:15,28
DA:16,27
DA:18,27
DA:19,0
DA:25,27
DA:26,0
DA:32,27
DA:33,27
DA:35,1
DA:36,1
DA:41,0
DA:42,0
DA:48,0
DA:49,0
DA:56,5
DA:57,12
DA:58,12
DA:60,12
DA:61,0
DA:62,0
DA:64,0
DA:65,0
DA:69,12
DA:72,0
DA:76,5
DA:77,3
DA:78,3
DA:79,3
DA:80,0
DA:85,3
DA:88,0
DA:92,5
LF:39
LH:26
BRDA:8,0,0,1
BRDA:8,0,1,28
BRDA:18,1,0,0
BRDA:18,1,1,27
BRDA:25,2,0,0
BRDA:25,2,1,27
BRDA:35,3,0,1
BRDA:35,3,1,0
BRDA:41,4,0,0
BRDA:41,4,1,0
BRDA:60,5,0,0
BRDA:60,5,1,12
BRDA:64,6,0,0
BRDA:64,6,1,0
BRDA:64,7,0,0
BRDA:64,7,1,0
BRDA:79,8,0,0
BRDA:79,8,1,3
BRF:18
BRH:7
end_of_record
TN:
SF:middlewares\errorHandler.js
FN:1,(anonymous_0)
FN:6,(anonymous_1)
FN:64,(anonymous_2)
FNF:3
FNH:2
FNDA:16,(anonymous_0)
FNDA:0,(anonymous_1)
FNDA:12,(anonymous_2)
DA:1,5
DA:2,16
DA:5,16
DA:6,0
DA:7,0
DA:14,16
DA:15,0
DA:16,0
DA:23,16
DA:24,2
DA:31,14
DA:32,0
DA:38,14
DA:39,0
DA:46,14
DA:47,12
DA:54,2
DA:65,12
DA:66,12
DA:67,12
DA:71,5
LF:21
LH:15
BRDA:5,0,0,0
BRDA:5,0,1,16
BRDA:14,1,0,0
BRDA:14,1,1,16
BRDA:23,2,0,2
BRDA:23,2,1,14
BRDA:31,3,0,0
BRDA:31,3,1,14
BRDA:38,4,0,0
BRDA:38,4,1,14
BRDA:46,5,0,12
BRDA:46,5,1,2
BRDA:55,6,0,0
BRDA:55,6,1,2
BRDA:64,7,0,0
BRF:15
BRH:9
end_of_record
TN:
SF:middlewares\validation.js
FN:4,(anonymous_0)
FN:7,(anonymous_1)
FNF:2
FNH:2
FNDA:38,(anonymous_0)
FNDA:7,(anonymous_1)
DA:1,5
DA:2,5
DA:4,5
DA:5,38
DA:6,38
DA:7,7
DA:8,4
DA:10,34
DA:14,5
DA:36,5
DA:50,5
DA:73,5
DA:82,5
DA:91,5
DA:105,5
LF:15
LH:15
BRDA:6,0,0,4
BRDA:6,0,1,34
BRF:2
BRH:2
end_of_record
TN:
SF:models\Answer.js
FN:61,(anonymous_0)
FN:62,(anonymous_1)
FN:66,(anonymous_2)
FN:67,(anonymous_3)
FN:82,(anonymous_4)
FN:83,(anonymous_5)
FN:89,(anonymous_6)
FN:94,(anonymous_7)
FN:99,(anonymous_8)
FN:113,(anonymous_9)
FNF:10
FNH:6
FNDA:4,(anonymous_0)
FNDA:1,(anonymous_1)
FNDA:1,(anonymous_2)
FNDA:0,(anonymous_3)
FNDA:0,(anonymous_4)
FNDA:0,(anonymous_5)
FNDA:1,(anonymous_6)
FNDA:0,(anonymous_7)
FNDA:1,(anonymous_8)
FNDA:11,(anonymous_9)
DA:1,5
DA:3,5
DA:61,5
DA:62,4
DA:66,5
DA:67,1
DA:68,0
DA:71,1
DA:73,0
DA:74,0
DA:77,1
DA:82,5
DA:83,0
DA:84,0
DA:89,5
DA:90,1
DA:94,5
DA:95,0
DA:99,5
DA:101,1
DA:107,1
DA:108,1
DA:109,1
DA:113,5
DA:114,11
DA:115,0
DA:117,11
DA:121,5
DA:122,5
DA:123,5
DA:124,5
DA:125,5
DA:127,5
LF:33
LH:26
BRDA:71,0,0,0
BRDA:71,0,1,1
BRDA:114,1,0,0
BRDA:114,1,1,11
BRDA:114,2,0,11
BRDA:114,2,1,9
BRF:6
BRH:4
end_of_record
TN:
SF:models\Notification.js
FN:55,(anonymous_0)
FN:60,(anonymous_1)
FN:65,(anonymous_2)
FNF:3
FNH:1
FNDA:0,(anonymous_0)
FNDA:0,(anonymous_1)
FNDA:2,(anonymous_2)
DA:1,5
DA:3,5
DA:55,5
DA:56,0
DA:60,5
DA:61,0
DA:65,5
DA:66,2
DA:80,5
DA:81,5
DA:82,5
DA:83,5
DA:85,5
LF:13
LH:11
BRDA:75,0,0,2
BRDA:75,0,1,2
BRF:2
BRH:2
end_of_record
TN:
SF:models\Question.js
FN:79,(anonymous_0)
FN:80,(anonymous_1)
FN:84,(anonymous_2)
FN:89,(anonymous_3)
FN:90,(anonymous_4)
FN:105,(anonymous_5)
FN:106,(anonymous_6)
FN:112,(anonymous_7)
FN:117,(anonymous_8)
FNF:9
FNH:6
FNDA:14,(anonymous_0)
FNDA:1,(anonymous_1)
FNDA:12,(anonymous_2)
FNDA:1,(anonymous_3)
FNDA:0,(anonymous_4)
FNDA:0,(anonymous_5)
FNDA:0,(anonymous_6)
FNDA:2,(anonymous_7)
FNDA:52,(anonymous_8)
DA:1,5
DA:3,5
DA:72,5
DA:79,5
DA:80,14
DA:84,5
DA:85,12
DA:89,5
DA:90,1
DA:91,0
DA:94,1
DA:96,0
DA:97,0
DA:100,1
DA:105,5
DA:106,0
DA:107,0
DA:112,5
DA:113,2
DA:117,5
DA:118,52
DA:119,0
DA:121,52
DA:125,5
DA:126,5
DA:127,5
DA:128,5
DA:129,5
DA:130,5
DA:132,5
LF:30
LH:24
BRDA:85,0,0,0
BRDA:85,0,1,12
BRDA:94,1,0,0
BRDA:94,1,1,1
BRDA:118,2,0,0
BRDA:118,2,1,52
BRDA:118,3,0,52
BRDA:118,3,1,52
BRF:8
BRH:5
end_of_record
TN:
SF:models\User.js
FN:74,(anonymous_0)
FN:79,(anonymous_1)
FN:85,(anonymous_2)
FNF:3
FNH:3
FNDA:1,(anonymous_0)
FNDA:3,(anonymous_1)
FNDA:66,(anonymous_2)
DA:1,5
DA:2,5
DA:4,5
DA:60,5
DA:67,5
DA:74,5
DA:75,1
DA:79,5
DA:80,3
DA:81,3
DA:85,5
DA:86,66
DA:87,66
DA:91,5
DA:92,5
DA:93,5
DA:95,5
LF:17
LH:17
BRF:0
BRH:0
end_of_record
TN:
SF:routes\admin.js
FNF:0
FNH:0
DA:1,5
DA:2,5
DA:3,5
DA:4,5
DA:13,5
DA:18,5
DA:23,5
DA:28,5
DA:33,5
DA:38,5
DA:43,5
DA:48,5
DA:50,5
LF:13
LH:13
BRF:0
BRH:0
end_of_record
TN:
SF:routes\answers.js
FNF:0
FNH:0
DA:1,5
DA:2,5
DA:3,5
DA:4,5
DA:12,5
DA:17,5
DA:22,5
DA:27,5
DA:32,5
DA:37,5
DA:42,5
DA:44,5
LF:12
LH:12
BRF:0
BRH:0
end_of_record
TN:
SF:routes\auth.js
FNF:0
FNH:0
DA:1,5
DA:2,5
DA:3,5
DA:4,5
DA:11,5
DA:16,5
DA:21,5
DA:26,5
DA:31,5
DA:36,5
DA:38,5
LF:11
LH:11
BRF:0
BRH:0
end_of_record
TN:
SF:routes\notifications.js
FNF:0
FNH:0
DA:1,5
DA:2,5
DA:3,5
DA:4,5
DA:12,5
DA:17,5
DA:22,5
DA:27,5
DA:32,5
DA:37,5
DA:42,5
DA:44,5
LF:12
LH:12
BRF:0
BRH:0
end_of_record
TN:
SF:routes\questions.js
FNF:0
FNH:0
DA:1,5
DA:2,5
DA:3,5
DA:4,5
DA:13,5
DA:18,5
DA:23,5
DA:28,5
DA:33,5
DA:38,5
DA:43,5
DA:48,5
DA:50,5
LF:13
LH:13
BRF:0
BRH:0
end_of_record
TN:
SF:routes\tags.js
FNF:0
FNH:0
DA:1,5
DA:2,5
DA:3,5
DA:9,5
DA:14,5
DA:19,5
DA:24,5
DA:29,5
DA:31,5
LF:9
LH:9
BRF:0
BRH:0
end_of_record
TN:
SF:routes\users.js
FNF:0
FNH:0
DA:1,5
DA:2,5
DA:3,5
DA:4,5
DA:11,5
DA:16,5
DA:21,5
DA:26,5
DA:31,5
DA:36,5
DA:38,5
LF:11
LH:11
BRF:0
BRH:0
end_of_record
